  WheelSensors.cpp
c1xx : warning C4117: macro name '__cplusplus' is reserved, '#define' ignored
c:\users\andreas\dropbox\car\src\arduino-1.0.1\libraries\car\wheelsensors.cpp : fatal error C1083: Cannot open include file: 'C:\Users\Andreas\Desktop\Car\src\Sketches\Auto\Visual Micro\.Auto.vsarduino.h': No such file or directory
  VoltageDivider.cpp
c1xx : warning C4117: macro name '__cplusplus' is reserved, '#define' ignored
c:\users\andreas\dropbox\car\src\arduino-1.0.1\libraries\car\voltagedivider.cpp : fatal error C1083: Cannot open include file: 'C:\Users\Andreas\Desktop\Car\src\Sketches\Auto\Visual Micro\.Auto.vsarduino.h': No such file or directory
  SteeringManager.cpp
c1xx : warning C4117: macro name '__cplusplus' is reserved, '#define' ignored
c:\users\andreas\dropbox\car\src\arduino-1.0.1\libraries\car\steeringmanager.cpp : fatal error C1083: Cannot open include file: 'C:\Users\Andreas\Desktop\Car\src\Sketches\Auto\Visual Micro\.Auto.vsarduino.h': No such file or directory
  ServoProxy.cpp
c1xx : warning C4117: macro name '__cplusplus' is reserved, '#define' ignored
c:\users\andreas\dropbox\car\src\arduino-1.0.1\libraries\car\servoproxy.cpp : fatal error C1083: Cannot open include file: 'C:\Users\Andreas\Desktop\Car\src\Sketches\Auto\Visual Micro\.Auto.vsarduino.h': No such file or directory
  Sensor.cpp
c1xx : warning C4117: macro name '__cplusplus' is reserved, '#define' ignored
c:\users\andreas\dropbox\car\src\arduino-1.0.1\libraries\car\sensor.cpp : fatal error C1083: Cannot open include file: 'C:\Users\Andreas\Desktop\Car\src\Sketches\Auto\Visual Micro\.Auto.vsarduino.h': No such file or directory
  PositionCalculator.cpp
c1xx : warning C4117: macro name '__cplusplus' is reserved, '#define' ignored
c:\users\andreas\dropbox\car\src\arduino-1.0.1\libraries\car\positioncalculator.cpp : fatal error C1083: Cannot open include file: 'C:\Users\Andreas\Desktop\Car\src\Sketches\Auto\Visual Micro\.Auto.vsarduino.h': No such file or directory
  MovementSensor.cpp
c1xx : warning C4117: macro name '__cplusplus' is reserved, '#define' ignored
c:\users\andreas\dropbox\car\src\arduino-1.0.1\libraries\car\movementsensor.cpp : fatal error C1083: Cannot open include file: 'C:\Users\Andreas\Desktop\Car\src\Sketches\Auto\Visual Micro\.Auto.vsarduino.h': No such file or directory
  Movement.cpp
c1xx : warning C4117: macro name '__cplusplus' is reserved, '#define' ignored
c:\users\andreas\dropbox\car\src\arduino-1.0.1\libraries\car\movement.cpp : fatal error C1083: Cannot open include file: 'C:\Users\Andreas\Desktop\Car\src\Sketches\Auto\Visual Micro\.Auto.vsarduino.h': No such file or directory
  MouseSensorPan101BSI.cpp
c1xx : warning C4117: macro name '__cplusplus' is reserved, '#define' ignored
c:\users\andreas\dropbox\car\src\arduino-1.0.1\libraries\car\mousesensorpan101bsi.cpp : fatal error C1083: Cannot open include file: 'C:\Users\Andreas\Desktop\Car\src\Sketches\Auto\Visual Micro\.Auto.vsarduino.h': No such file or directory
  MotorTB6612FNG.cpp
c1xx : warning C4117: macro name '__cplusplus' is reserved, '#define' ignored
c:\users\andreas\dropbox\car\src\arduino-1.0.1\libraries\car\motortb6612fng.cpp : fatal error C1083: Cannot open include file: 'C:\Users\Andreas\Desktop\Car\src\Sketches\Auto\Visual Micro\.Auto.vsarduino.h': No such file or directory
  MotionLogger.cpp
c1xx : warning C4117: macro name '__cplusplus' is reserved, '#define' ignored
c:\users\andreas\dropbox\car\src\arduino-1.0.1\libraries\car\motionlogger.cpp : fatal error C1083: Cannot open include file: 'C:\Users\Andreas\Desktop\Car\src\Sketches\Auto\Visual Micro\.Auto.vsarduino.h': No such file or directory
  DisplayProxy.cpp
c1xx : warning C4117: macro name '__cplusplus' is reserved, '#define' ignored
c:\users\andreas\dropbox\car\src\arduino-1.0.1\libraries\car\displayproxy.cpp : fatal error C1083: Cannot open include file: 'C:\Users\Andreas\Desktop\Car\src\Sketches\Auto\Visual Micro\.Auto.vsarduino.h': No such file or directory
  Coordinates.cpp
c1xx : warning C4117: macro name '__cplusplus' is reserved, '#define' ignored
c:\users\andreas\dropbox\car\src\arduino-1.0.1\libraries\car\coordinates.cpp : fatal error C1083: Cannot open include file: 'C:\Users\Andreas\Desktop\Car\src\Sketches\Auto\Visual Micro\.Auto.vsarduino.h': No such file or directory
  Car.cpp
c1xx : warning C4117: macro name '__cplusplus' is reserved, '#define' ignored
c:\users\andreas\dropbox\car\src\arduino-1.0.1\libraries\car\car.cpp : fatal error C1083: Cannot open include file: 'C:\Users\Andreas\Desktop\Car\src\Sketches\Auto\Visual Micro\.Auto.vsarduino.h': No such file or directory
  Generating Code...
